info: cargo-llvm-cov currently setting cfg(coverage); you can opt-out it by passing --no-cfg-coverage
   Compiling game-manager v0.1.0 (D:\projects\game-manager\src-tauri)
    Finished `test` profile [unoptimized + debuginfo] target(s) in 5.21s
────────────
 Nextest run ID 3fc3ca4d-d6a6-47bd-925e-4feaccd1910b with nextest profile: default
    Starting 103 tests across 11 binaries
        PASS [   0.046s] (  1/103) game-manager::art_commands_integration cache_path_is_deterministic_and_prefers_url_extension
        PASS [   0.053s] (  2/103) game-manager::art_commands_integration build_cache_path_uses_content_type_when_url_has_no_extension
        PASS [   0.098s] (  3/103) game-manager::art_commands_integration cache_remote_image_rejects_json_content_type_even_with_bytes
        PASS [   0.101s] (  4/103) game-manager::art_commands_integration cache_art_candidate_impl_rejects_empty_url
        PASS [   0.102s] (  5/103) game-manager::art_commands_integration cache_rejects_oversized_payload_and_accepts_jpeg_content_type
        PASS [   0.125s] (  6/103) game-manager::art_commands_integration steamgriddb_parse_errors_and_filters_invalid_grids
        PASS [   0.142s] (  7/103) game-manager::art_commands_integration cache_remote_image_accepts_images_by_magic_bytes_for_unknown_content_type
        PASS [   0.142s] (  8/103) game-manager::art_commands_integration steamgriddb_search_grids_round_trips_through_mock_server
        PASS [   0.157s] (  9/103) game-manager::art_commands_integration cache_write_bytes_and_non_success_download_fail
        PASS [   0.166s] ( 10/103) game-manager::art_commands_integration cache_art_candidate_impl_surfaces_download_failure
        PASS [   0.176s] ( 11/103) game-manager::art_commands_integration steam_search_and_metadata_round_trip_through_mock_server
        PASS [   0.179s] ( 12/103) game-manager::app_data_dir_integration resolved_app_data_dir_maps_dev_suffix_before_extension_in_debug
        PASS [   0.183s] ( 13/103) game-manager::art_commands_integration steam_fetch_metadata_returns_none_for_unknown_title
        PASS [   0.210s] ( 14/103) game-manager::art_commands_integration search_art_impl_returns_empty_for_blank_name
        PASS [   0.221s] ( 15/103) game-manager::art_commands_integration cache_remote_image_downloads_to_local_image_path
        PASS [   0.225s] ( 16/103) game-manager::art_commands_integration offline_failures_degrade_gracefully_and_log
        PASS [   0.228s] ( 17/103) game-manager::art_commands_integration steamgriddb_and_steam_providers_surface_http_failures
        PASS [   0.229s] ( 18/103) game-manager::art_commands_integration fetch_metadata_impl_uses_steam_match_and_blank_input_fallback
        PASS [   0.246s] ( 19/103) game-manager::art_commands_integration parses_steamgriddb_fixtures_into_portrait_candidates
        PASS [   0.254s] ( 20/103) game-manager::art_commands_integration cache_remote_image_rejects_non_image_payload
        PASS [   0.254s] ( 21/103) game-manager::art_commands_integration steam_parse_app_matches_respects_limit_and_partial_matches
        PASS [   0.262s] ( 22/103) game-manager::art_commands_integration cache_art_candidate_impl_caches_allowed_local_image
        PASS [   0.263s] ( 23/103) game-manager::art_commands_integration missing_keys_degrade_gracefully_and_log
        PASS [   0.270s] ( 24/103) game-manager::art_commands_integration parses_steam_fixture_into_matches_cover_candidates_and_metadata
        PASS [   0.280s] ( 25/103) game-manager::art_commands_integration search_art_impl_skips_whitespace_only_api_keys
        PASS [   0.286s] ( 26/103) game-manager::art_commands_integration steam_parse_app_matches_prefers_exact_and_prefix_scores
        PASS [   0.330s] ( 27/103) game-manager::art_commands_integration search_art_impl_merges_provider_results_when_keys_are_set
        PASS [   0.334s] ( 28/103) game-manager::art_commands_integration steamgriddb_search_grids_returns_empty_when_no_matches
        PASS [   0.338s] ( 29/103) game-manager::art_commands_integration cache_art_candidate_rejects_unsafe_url_and_logs
        PASS [   0.340s] ( 30/103) game-manager::app_data_dir_integration resolved_app_data_dir_unchanged_when_no_file_name
        PASS [   0.345s] ( 31/103) game-manager::art_commands_integration cache_remote_image_rejects_unknown_content_type_without_image_magic
        PASS [   0.312s] ( 32/103) game-manager::art_commands_integration validate_remote_art_url_allows_provider_hosts
        PASS [   0.314s] ( 33/103) game-manager::art_commands_integration validate_remote_art_url_allows_steam_subdomains
        PASS [   0.276s] ( 34/103) game-manager::art_commands_integration validate_remote_art_url_rejects_bad_scheme_and_host
        PASS [   0.280s] ( 35/103) game-manager::db_connection_integration empty_collections_and_clears
        PASS [   0.281s] ( 36/103) game-manager::db_connection_integration not_found_paths_return_errors
        PASS [   0.384s] ( 37/103) game-manager::art_commands_integration search_art_impl_uses_default_provider_chain_with_mock_servers
        PASS [   0.249s] ( 38/103) game-manager::db_connection_integration rusqlite_error_bridges_into_app_error
        PASS [   0.255s] ( 39/103) game-manager::db_error_paths_integration game_create_propagates_constraint_error
        PASS [   0.243s] ( 40/103) game-manager::db_error_paths_integration game_update_propagates_constraint_error
        PASS [   0.240s] ( 41/103) game-manager::db_error_paths_integration script_create_propagates_constraint_error
        PASS [   0.239s] ( 42/103) game-manager::db_error_paths_integration session_insert_propagates_fk_error
        PASS [   0.295s] ( 43/103) game-manager::db_connection_integration opens_file_database_and_migrates
        PASS [   0.264s] ( 44/103) game-manager::db_error_paths_integration set_dependencies_propagates_fk_error
        PASS [   0.262s] ( 45/103) game-manager::db_error_paths_integration set_groups_propagates_fk_error
        PASS [   0.238s] ( 46/103) game-manager::db_repositories_integration domain_enums_db_string_roundtrip
        PASS [   0.234s] ( 47/103) game-manager::db_repositories_integration dto_serializes_camel_case
        PASS [   0.233s] ( 48/103) game-manager::db_repositories_integration games_aggregate_playtime
        PASS [   0.234s] ( 49/103) game-manager::db_repositories_integration games_crud_and_assignments
        PASS [   0.238s] ( 50/103) game-manager::db_repositories_integration games_groups_and_scripts_assignment_roundtrip
        PASS [   0.224s] ( 51/103) game-manager::db_repositories_integration groups_crud_and_membership
        PASS [   0.220s] ( 52/103) game-manager::db_repositories_integration scripts_crud_phases_and_requires
        PASS [   0.224s] ( 53/103) game-manager::db_repositories_integration sessions_lifecycle
        PASS [   0.221s] ( 54/103) game-manager::db_repositories_integration settings_roundtrip
        PASS [   0.224s] ( 55/103) game-manager::db_schema_integration cascade_delete_removes_dependents
        PASS [   0.220s] ( 56/103) game-manager::db_schema_integration check_constraints_are_enforced
        PASS [   0.215s] ( 57/103) game-manager::db_schema_integration foreign_keys_are_enforced
        PASS [   0.212s] ( 58/103) game-manager::db_schema_integration log_game_fk_sets_null_on_delete
        PASS [   0.172s] ( 59/103) game-manager::db_schema_integration migration_creates_all_tables_and_index
        PASS [   0.172s] ( 60/103) game-manager::db_schema_integration migrations_are_idempotent
        PASS [   0.171s] ( 61/103) game-manager::db_schema_integration pragmas_are_applied
        PASS [   0.175s] ( 62/103) game-manager::games_commands_integration create_update_get_and_list_games_round_trip
        PASS [   0.173s] ( 63/103) game-manager::games_commands_integration delete_game_errors_when_missing
        PASS [   0.162s] ( 64/103) game-manager::games_commands_integration named_monitor_mode_requires_process_name
        PASS [   0.157s] ( 65/103) game-manager::games_commands_integration set_assignments_and_delete_game_cascades_sessions_and_junctions
        PASS [   0.175s] ( 66/103) game-manager::games_commands_integration set_game_scripts_rejects_non_normal_scripts
        PASS [   0.172s] ( 67/103) game-manager::logging_retention_integration log_frontend_persists_row_readable_via_repo
        PASS [   0.173s] ( 68/103) game-manager::logging_retention_integration retention_deletes_old_rows_and_vacuums
        PASS [   0.177s] ( 69/103) game-manager::logging_retention_integration write_log_persists_and_mirrors
        PASS [   0.174s] ( 70/103) game-manager::scripts_commands_integration create_normal_script_persists_phases_and_interpreter
        PASS [   0.172s] ( 71/103) game-manager::scripts_commands_integration create_utility_script_persists_snippet_and_clears_phases
        PASS [   0.173s] ( 72/103) game-manager::scripts_commands_integration delete_script_removes_it_and_errors_when_missing
        PASS [   0.174s] ( 73/103) game-manager::scripts_commands_integration dependencies_must_target_utility_scripts
        PASS [   0.167s] ( 74/103) game-manager::scripts_commands_integration dependencies_persist_and_dedupe
        PASS [   0.165s] ( 75/103) game-manager::scripts_commands_integration dependency_target_must_exist
        PASS [   0.147s] ( 76/103) game-manager::scripts_commands_integration direct_self_cycle_is_rejected
        PASS [   0.147s] ( 77/103) game-manager::scripts_commands_integration empty_name_is_rejected
        PASS [   0.149s] ( 78/103) game-manager::scripts_commands_integration global_script_keeps_phases_and_clears_snippet
        PASS [   0.146s] ( 79/103) game-manager::scripts_commands_integration inline_mode_requires_code_and_interpreter
        PASS [   0.150s] ( 80/103) game-manager::scripts_commands_integration non_utility_kind_change_is_unaffected_by_guard
        PASS [   0.147s] ( 81/103) game-manager::scripts_commands_integration path_mode_requires_path
        PASS [   0.148s] ( 82/103) game-manager::scripts_commands_integration priority_out_of_range_is_rejected
        PASS [   0.148s] ( 83/103) game-manager::scripts_commands_integration reclassifying_utility_without_dependents_succeeds
        PASS [   0.147s] ( 84/103) game-manager::scripts_commands_integration set_dependencies_on_missing_script_errors
        PASS [   0.147s] ( 85/103) game-manager::scripts_commands_integration set_script_kind_errors_when_missing
        PASS [   0.147s] ( 86/103) game-manager::scripts_commands_integration set_script_kind_normalizes_shape
        PASS [   0.146s] ( 87/103) game-manager::scripts_commands_integration set_script_kind_rejects_reclassifying_utility_with_dependents
        PASS [   0.147s] ( 88/103) game-manager::scripts_commands_integration transitive_cycle_is_rejected
        PASS [   0.167s] ( 89/103) game-manager::scripts_commands_integration update_and_list_round_trip
        PASS [   0.167s] ( 90/103) game-manager::scripts_commands_integration update_missing_script_errors
        PASS [   0.166s] ( 91/103) game-manager::scripts_commands_integration update_script_rejects_flipping_utility_with_dependents_to_normal
        PASS [   0.166s] ( 92/103) game-manager::scripts_commands_integration utility_input_with_phases_set_still_clears_them
        PASS [   0.168s] ( 93/103) game-manager::settings_commands_integration get_all_settings_is_empty_on_fresh_db
        PASS [   0.166s] ( 94/103) game-manager::settings_commands_integration get_all_settings_returns_all_pairs_ordered_by_key
        PASS [   0.167s] ( 95/103) game-manager::settings_commands_integration get_setting_returns_none_when_unset
        PASS [   0.167s] ( 96/103) game-manager::settings_commands_integration set_setting_upserts_existing_key
        PASS [   0.167s] ( 97/103) game-manager::settings_commands_integration set_then_get_round_trips_a_value
        PASS [   0.146s] ( 98/103) game-manager::smoke_integration app_error_serializes_to_display_string
        PASS [   0.147s] ( 99/103) game-manager::smoke_integration app_result_alias_carries_app_error
        PASS [   0.151s] (100/103) game-manager::smoke_integration app_state_exposes_app_name
        PASS [   0.152s] (101/103) game-manager::smoke_integration app_state_new_uses_temp_app_data_dir
        PASS [   0.151s] (102/103) game-manager::smoke_integration app_state_with_db_runs_repository_callback
        PASS [   0.153s] (103/103) game-manager::smoke_integration init_tracing_is_idempotent
────────────
     Summary [   0.722s] 103 tests run: 103 passed, 0 skipped
Filename                      Regions    Missed Regions     Cover   Functions  Missed Functions  Executed       Lines      Missed Lines     Cover    Branches   Missed Branches     Cover
-----------------------------------------------------------------------------------------------------------------------------------------------------------------------------------------
art\cache.rs                      225                16    92.89%          23                 5    78.26%         142                 8    94.37%           0                 0         -
art\steam.rs                      154                10    93.51%          19                 3    84.21%         108                 4    96.30%           0                 0         -
art\steamgriddb.rs                140                18    87.14%          18                 5    72.22%          88                 8    90.91%           0                 0         -
commands\art.rs                   310                62    80.00%          16                 1    93.75%         229                44    80.79%           0                 0         -
commands\games.rs                 164                12    92.68%          18                 0   100.00%         106                 3    97.17%           0                 0         -
commands\logging.rs                32                 0   100.00%           3                 0   100.00%          20                 0   100.00%           0                 0         -
commands\scripts.rs               335                20    94.03%          24                 0   100.00%         211                 5    97.63%           0                 0         -
commands\settings.rs               32                 1    96.88%           7                 0   100.00%          19                 0   100.00%           0                 0         -
db\connection.rs                   43                 9    79.07%           3                 0   100.00%          18                 0   100.00%           0                 0         -
db\migrations.rs                   28                 3    89.29%           3                 0   100.00%          18                 0   100.00%           0                 0         -
db\repo\games.rs                  168                28    83.33%          11                 1    90.91%          99                 4    95.96%           0                 0         -
db\repo\groups.rs                 153                23    84.97%          11                 0   100.00%          84                 4    95.24%           0                 0         -
db\repo\logs.rs                    96                20    79.17%           8                 1    87.50%          51                 7    86.27%           0                 0         -
db\repo\mod.rs                     24                 2    91.67%           3                 0   100.00%          18                 0   100.00%           0                 0         -
db\repo\scripts.rs                292                47    83.90%          19                 3    84.21%         192                20    89.58%           0                 0         -
db\repo\sessions.rs                72                 9    87.50%           6                 0   100.00%          49                 2    95.92%           0                 0         -
db\repo\settings.rs                45                 7    84.44%           5                 0   100.00%          23                 1    95.65%           0                 0         -
domain\mod.rs                      82                 0   100.00%          11                 0   100.00%          71                 0   100.00%           0                 0         -
error.rs                           14                 0   100.00%           4                 0   100.00%          14                 0   100.00%           0                 0         -
lib.rs                             19                 1    94.74%           2                 0   100.00%          10                 1    90.00%           0                 0         -
logging\mod.rs                     59                 2    96.61%           6                 0   100.00%          48                 0   100.00%           0                 0         -
state.rs                           31                 3    90.32%           7                 1    85.71%          27                 1    96.30%           0                 0         -
-----------------------------------------------------------------------------------------------------------------------------------------------------------------------------------------
TOTAL                            2518               293    88.36%         227                20    91.19%        1645               112    93.19%           0                 0         -
